# JRE version: Java(TM) SE Runtime Environment (8.0_77-b03) (build 1.8.0_77-b03)
# Java VM: Java HotSpot(TM) 64-Bit Server VM (25.77-b03 mixed mode linux-amd64 compressed oops)
Heap:
 PSYoungGen      total 117248K, used 16355K [0x00000000eab00000, 0x00000000f3100000, 0x0000000100000000)
  eden space 100864K, 0% used [0x00000000eab00000,0x00000000eab00000,0x00000000f0d80000)
  from space 16384K, 99% used [0x00000000f0d80000,0x00000000f1d78cb0,0x00000000f1d80000)
  to   space 12800K, 0% used [0x00000000f1d80000,0x00000000f1d80000,0x00000000f2a00000)
 ParOldGen       total 63488K, used 63348K [0x00000000c0000000, 0x00000000c3e00000, 0x00000000eab00000)
  object space 63488K, 99% used [0x00000000c0000000,0x00000000c3ddd088,0x00000000c3e00000)
 Metaspace       used 6158K, capacity 7064K, committed 7424K, reserved 1056768K
  class space    used 612K, capacity 656K, committed 768K, reserved 1048576K
GC Heap History (10 events):
Event: 10.593 GC heap after
Heap after GC invocations=4 (full 0):
 PSYoungGen      total 28672K, used 2032K [0x00000000eab00000, 0x00000000ec900000, 0x0000000100000000)
  eden space 26624K, 0% used [0x00000000eab00000,0x00000000eab00000,0x00000000ec500000)
  from space 2048K, 99% used [0x00000000ec700000,0x00000000ec8fc038,0x00000000ec900000)
  to   space 2048K, 0% used [0x00000000ec500000,0x00000000ec500000,0x00000000ec700000)
 ParOldGen       total 35840K, used 5126K [0x00000000c0000000, 0x00000000c2300000, 0x00000000eab00000)
  object space 35840K, 14% used [0x00000000c0000000,0x00000000c0501bc0,0x00000000c2300000)
 Metaspace       used 5783K, capacity 6768K, committed 7040K, reserved 1056768K
  class space    used 591K, capacity 616K, committed 640K, reserved 1048576K
}
Event: 13.372 GC heap before
{Heap before GC invocations=5 (full 0):
 PSYoungGen      total 28672K, used 28656K [0x00000000eab00000, 0x00000000ec900000, 0x0000000100000000)
  eden space 26624K, 100% used [0x00000000eab00000,0x00000000ec500000,0x00000000ec500000)
  from space 2048K, 99% used [0x00000000ec700000,0x00000000ec8fc038,0x00000000ec900000)
  to   space 2048K, 0% used [0x00000000ec500000,0x00000000ec500000,0x00000000ec700000)
 ParOldGen       total 35840K, used 5126K [0x00000000c0000000, 0x00000000c2300000, 0x00000000eab00000)
  object space 35840K, 14% used [0x00000000c0000000,0x00000000c0501bc0,0x00000000c2300000)
 Metaspace       used 5833K, capacity 6832K, committed 7040K, reserved 1056768K
  class space    used 591K, capacity 616K, committed 640K, reserved 1048576K
Event: 13.465 GC heap after
Heap after GC invocations=5 (full 0):
 PSYoungGen      total 28672K, used 2032K [0x00000000eab00000, 0x00000000eee00000, 0x0000000100000000)
  eden space 26624K, 0% used [0x00000000eab00000,0x00000000eab00000,0x00000000ec500000)
  from space 2048K, 99% used [0x00000000ec500000,0x00000000ec6fc038,0x00000000ec700000)
  to   space 7680K, 0% used [0x00000000ee680000,0x00000000ee680000,0x00000000eee00000)
 ParOldGen       total 35840K, used 9149K [0x00000000c0000000, 0x00000000c2300000, 0x00000000eab00000)
  object space 35840K, 25% used [0x00000000c0000000,0x00000000c08ef6a0,0x00000000c2300000)
 Metaspace       used 5833K, capacity 6832K, committed 7040K, reserved 1056768K
  class space    used 591K, capacity 616K, committed 640K, reserved 1048576K
}
Event: 14.748 GC heap before
{Heap before GC invocations=6 (full 0):
 PSYoungGen      total 28672K, used 28656K [0x00000000eab00000, 0x00000000eee00000, 0x0000000100000000)
  eden space 26624K, 100% used [0x00000000eab00000,0x00000000ec500000,0x00000000ec500000)
  from space 2048K, 99% used [0x00000000ec500000,0x00000000ec6fc038,0x00000000ec700000)
  to   space 7680K, 0% used [0x00000000ee680000,0x00000000ee680000,0x00000000eee00000)
 ParOldGen       total 35840K, used 9149K [0x00000000c0000000, 0x00000000c2300000, 0x00000000eab00000)
  object space 35840K, 25% used [0x00000000c0000000,0x00000000c08ef6a0,0x00000000c2300000)
 Metaspace       used 5859K, capacity 6832K, committed 7040K, reserved 1056768K
  class space    used 591K, capacity 616K, committed 640K, reserved 1048576K
Event: 14.855 GC heap after
Heap after GC invocations=6 (full 0):
 PSYoungGen      total 59904K, used 6096K [0x00000000eab00000, 0x00000000ef000000, 0x0000000100000000)
  eden space 52224K, 0% used [0x00000000eab00000,0x00000000eab00000,0x00000000ede00000)
  from space 7680K, 79% used [0x00000000ee680000,0x00000000eec74038,0x00000000eee00000)
  to   space 8704K, 0% used [0x00000000ede00000,0x00000000ede00000,0x00000000ee680000)
 ParOldGen       total 35840K, used 9157K [0x00000000c0000000, 0x00000000c2300000, 0x00000000eab00000)
  object space 35840K, 25% used [0x00000000c0000000,0x00000000c08f16a0,0x00000000c2300000)
 Metaspace       used 5859K, capacity 6832K, committed 7040K, reserved 1056768K
  class space    used 591K, capacity 616K, committed 640K, reserved 1048576K
}
Event: 17.622 GC heap before
{Heap before GC invocations=7 (full 0):
 PSYoungGen      total 59904K, used 58320K [0x00000000eab00000, 0x00000000ef000000, 0x0000000100000000)
  eden space 52224K, 100% used [0x00000000eab00000,0x00000000ede00000,0x00000000ede00000)
  from space 7680K, 79% used [0x00000000ee680000,0x00000000eec74038,0x00000000eee00000)
  to   space 8704K, 0% used [0x00000000ede00000,0x00000000ede00000,0x00000000ee680000)
 ParOldGen       total 35840K, used 9157K [0x00000000c0000000, 0x00000000c2300000, 0x00000000eab00000)
  object space 35840K, 25% used [0x00000000c0000000,0x00000000c08f16a0,0x00000000c2300000)
 Metaspace       used 6026K, capacity 6936K, committed 7168K, reserved 1056768K
  class space    used 612K, capacity 656K, committed 768K, reserved 1048576K
Event: 17.919 GC heap after
Heap after GC invocations=7 (full 0):
 PSYoungGen      total 60928K, used 8688K [0x00000000eab00000, 0x00000000f2a00000, 0x0000000100000000)
  eden space 52224K, 0% used [0x00000000eab00000,0x00000000eab00000,0x00000000ede00000)
  from space 8704K, 99% used [0x00000000ede00000,0x00000000ee67c038,0x00000000ee680000)
  to   space 12800K, 0% used [0x00000000f1d80000,0x00000000f1d80000,0x00000000f2a00000)
 ParOldGen       total 35840K, used 13890K [0x00000000c0000000, 0x00000000c2300000, 0x00000000eab00000)
  object space 35840K, 38% used [0x00000000c0000000,0x00000000c0d90bf0,0x00000000c2300000)
 Metaspace       used 6026K, capacity 6936K, committed 7168K, reserved 1056768K
  class space    used 612K, capacity 656K, committed 768K, reserved 1048576K
}
Event: 20.399 GC heap before
{Heap before GC invocations=8 (full 0):
 PSYoungGen      total 60928K, used 60912K [0x00000000eab00000, 0x00000000f2a00000, 0x0000000100000000)
  eden space 52224K, 100% used [0x00000000eab00000,0x00000000ede00000,0x00000000ede00000)
  from space 8704K, 99% used [0x00000000ede00000,0x00000000ee67c038,0x00000000ee680000)
  to   space 12800K, 0% used [0x00000000f1d80000,0x00000000f1d80000,0x00000000f2a00000)
 ParOldGen       total 35840K, used 13890K [0x00000000c0000000, 0x00000000c2300000, 0x00000000eab00000)
  object space 35840K, 38% used [0x00000000c0000000,0x00000000c0d90bf0,0x00000000c2300000)
 Metaspace       used 6107K, capacity 7000K, committed 7168K, reserved 1056768K
  class space    used 612K, capacity 656K, committed 768K, reserved 1048576K
Event: 20.747 GC heap after
Heap after GC invocations=8 (full 0):
 PSYoungGen      total 113664K, used 12785K [0x00000000eab00000, 0x00000000f3100000, 0x0000000100000000)
  eden space 100864K, 0% used [0x00000000eab00000,0x00000000eab00000,0x00000000f0d80000)
  from space 12800K, 99% used [0x00000000f1d80000,0x00000000f29fc5f8,0x00000000f2a00000)
  to   space 16384K, 0% used [0x00000000f0d80000,0x00000000f0d80000,0x00000000f1d80000)
 ParOldGen       total 35840K, used 16770K [0x00000000c0000000, 0x00000000c2300000, 0x00000000eab00000)
  object space 35840K, 46% used [0x00000000c0000000,0x00000000c1060a00,0x00000000c2300000)
 Metaspace       used 6107K, capacity 7000K, committed 7168K, reserved 1056768K
  class space    used 612K, capacity 656K, committed 768K, reserved 1048576K
}
Event: 41.083 GC heap before
{Heap before GC invocations=9 (full 0):
 PSYoungGen      total 113664K, used 113649K [0x00000000eab00000, 0x00000000f3100000, 0x0000000100000000)
  eden space 100864K, 100% used [0x00000000eab00000,0x00000000f0d80000,0x00000000f0d80000)
  from space 12800K, 99% used [0x00000000f1d80000,0x00000000f29fc5f8,0x00000000f2a00000)
  to   space 16384K, 0% used [0x00000000f0d80000,0x00000000f0d80000,0x00000000f1d80000)
 ParOldGen       total 35840K, used 16770K [0x00000000c0000000, 0x00000000c2300000, 0x00000000eab00000)
  object space 35840K, 46% used [0x00000000c0000000,0x00000000c1060a00,0x00000000c2300000)
 Metaspace       used 6158K, capacity 7064K, committed 7424K, reserved 1056768K
  class space    used 612K, capacity 656K, committed 768K, reserved 1048576K

