# JRE version: Java(TM) SE Runtime Environment (8.0_77-b03) (build 1.8.0_77-b03)
# Java VM: Java HotSpot(TM) 64-Bit Server VM (25.77-b03 mixed mode linux-amd64 compressed oops)
Heap:
 PSYoungGen      total 116224K, used 14818K [0x00000000eab00000, 0x00000000f2e00000, 0x0000000100000000)
  eden space 101376K, 0% used [0x00000000eab00000,0x00000000eab00000,0x00000000f0e00000)
  from space 14848K, 99% used [0x00000000f0e00000,0x00000000f1c78aa0,0x00000000f1c80000)
  to   space 11776K, 0% used [0x00000000f1c80000,0x00000000f1c80000,0x00000000f2800000)
 ParOldGen       total 35840K, used 30594K [0x00000000c0000000, 0x00000000c2300000, 0x00000000eab00000)
  object space 35840K, 85% used [0x00000000c0000000,0x00000000c1de0888,0x00000000c2300000)
 Metaspace       used 6296K, capacity 7128K, committed 7424K, reserved 1056768K
  class space    used 615K, capacity 656K, committed 768K, reserved 1048576K
GC Heap History (10 events):
Event: 9.670 GC heap after
Heap after GC invocations=4 (full 0):
 PSYoungGen      total 28672K, used 2022K [0x00000000eab00000, 0x00000000ec900000, 0x0000000100000000)
  eden space 26624K, 0% used [0x00000000eab00000,0x00000000eab00000,0x00000000ec500000)
  from space 2048K, 98% used [0x00000000ec700000,0x00000000ec8f9aa8,0x00000000ec900000)
  to   space 2048K, 0% used [0x00000000ec500000,0x00000000ec500000,0x00000000ec700000)
 ParOldGen       total 35840K, used 7058K [0x00000000c0000000, 0x00000000c2300000, 0x00000000eab00000)
  object space 35840K, 19% used [0x00000000c0000000,0x00000000c06e4940,0x00000000c2300000)
 Metaspace       used 5850K, capacity 6832K, committed 7040K, reserved 1056768K
  class space    used 593K, capacity 616K, committed 640K, reserved 1048576K
}
Event: 11.011 GC heap before
{Heap before GC invocations=5 (full 0):
 PSYoungGen      total 28672K, used 28646K [0x00000000eab00000, 0x00000000ec900000, 0x0000000100000000)
  eden space 26624K, 100% used [0x00000000eab00000,0x00000000ec500000,0x00000000ec500000)
  from space 2048K, 98% used [0x00000000ec700000,0x00000000ec8f9aa8,0x00000000ec900000)
  to   space 2048K, 0% used [0x00000000ec500000,0x00000000ec500000,0x00000000ec700000)
 ParOldGen       total 35840K, used 7058K [0x00000000c0000000, 0x00000000c2300000, 0x00000000eab00000)
  object space 35840K, 19% used [0x00000000c0000000,0x00000000c06e4940,0x00000000c2300000)
 Metaspace       used 5894K, capacity 6832K, committed 7040K, reserved 1056768K
  class space    used 593K, capacity 616K, committed 640K, reserved 1048576K
Event: 11.115 GC heap after
Heap after GC invocations=5 (full 0):
 PSYoungGen      total 28672K, used 2031K [0x00000000eab00000, 0x00000000eec00000, 0x0000000100000000)
  eden space 26624K, 0% used [0x00000000eab00000,0x00000000eab00000,0x00000000ec500000)
  from space 2048K, 99% used [0x00000000ec500000,0x00000000ec6fbf30,0x00000000ec700000)
  to   space 6656K, 0% used [0x00000000ee580000,0x00000000ee580000,0x00000000eec00000)
 ParOldGen       total 35840K, used 11151K [0x00000000c0000000, 0x00000000c2300000, 0x00000000eab00000)
  object space 35840K, 31% used [0x00000000c0000000,0x00000000c0ae3ed0,0x00000000c2300000)
 Metaspace       used 5894K, capacity 6832K, committed 7040K, reserved 1056768K
  class space    used 593K, capacity 616K, committed 640K, reserved 1048576K
}
Event: 12.195 GC heap before
{Heap before GC invocations=6 (full 0):
 PSYoungGen      total 28672K, used 28655K [0x00000000eab00000, 0x00000000eec00000, 0x0000000100000000)
  eden space 26624K, 100% used [0x00000000eab00000,0x00000000ec500000,0x00000000ec500000)
  from space 2048K, 99% used [0x00000000ec500000,0x00000000ec6fbf30,0x00000000ec700000)
  to   space 6656K, 0% used [0x00000000ee580000,0x00000000ee580000,0x00000000eec00000)
 ParOldGen       total 35840K, used 11151K [0x00000000c0000000, 0x00000000c2300000, 0x00000000eab00000)
  object space 35840K, 31% used [0x00000000c0000000,0x00000000c0ae3ed0,0x00000000c2300000)
 Metaspace       used 5913K, capacity 6896K, committed 7040K, reserved 1056768K
  class space    used 593K, capacity 616K, committed 640K, reserved 1048576K
Event: 12.347 GC heap after
Heap after GC invocations=6 (full 0):
 PSYoungGen      total 58880K, used 6110K [0x00000000eab00000, 0x00000000eee00000, 0x0000000100000000)
  eden space 52224K, 0% used [0x00000000eab00000,0x00000000eab00000,0x00000000ede00000)
  from space 6656K, 91% used [0x00000000ee580000,0x00000000eeb778c0,0x00000000eec00000)
  to   space 7680K, 0% used [0x00000000ede00000,0x00000000ede00000,0x00000000ee580000)
 ParOldGen       total 35840K, used 11151K [0x00000000c0000000, 0x00000000c2300000, 0x00000000eab00000)
  object space 35840K, 31% used [0x00000000c0000000,0x00000000c0ae3ed0,0x00000000c2300000)
 Metaspace       used 5913K, capacity 6896K, committed 7040K, reserved 1056768K
  class space    used 593K, capacity 616K, committed 640K, reserved 1048576K
}
Event: 14.597 GC heap before
{Heap before GC invocations=7 (full 0):
 PSYoungGen      total 58880K, used 58334K [0x00000000eab00000, 0x00000000eee00000, 0x0000000100000000)
  eden space 52224K, 100% used [0x00000000eab00000,0x00000000ede00000,0x00000000ede00000)
  from space 6656K, 91% used [0x00000000ee580000,0x00000000eeb778c0,0x00000000eec00000)
  to   space 7680K, 0% used [0x00000000ede00000,0x00000000ede00000,0x00000000ee580000)
 ParOldGen       total 35840K, used 11151K [0x00000000c0000000, 0x00000000c2300000, 0x00000000eab00000)
  object space 35840K, 31% used [0x00000000c0000000,0x00000000c0ae3ed0,0x00000000c2300000)
 Metaspace       used 6054K, capacity 6936K, committed 7168K, reserved 1056768K
  class space    used 614K, capacity 656K, committed 768K, reserved 1048576K
Event: 14.824 GC heap after
Heap after GC invocations=7 (full 0):
 PSYoungGen      total 59904K, used 7678K [0x00000000eab00000, 0x00000000f2800000, 0x0000000100000000)
  eden space 52224K, 0% used [0x00000000eab00000,0x00000000eab00000,0x00000000ede00000)
  from space 7680K, 99% used [0x00000000ede00000,0x00000000ee57fa50,0x00000000ee580000)
  to   space 11776K, 0% used [0x00000000f1c80000,0x00000000f1c80000,0x00000000f2800000)
 ParOldGen       total 35840K, used 16887K [0x00000000c0000000, 0x00000000c2300000, 0x00000000eab00000)
  object space 35840K, 47% used [0x00000000c0000000,0x00000000c107dfd0,0x00000000c2300000)
 Metaspace       used 6054K, capacity 6936K, committed 7168K, reserved 1056768K
  class space    used 614K, capacity 656K, committed 768K, reserved 1048576K
}
Event: 17.102 GC heap before
{Heap before GC invocations=8 (full 0):
 PSYoungGen      total 59904K, used 59902K [0x00000000eab00000, 0x00000000f2800000, 0x0000000100000000)
  eden space 52224K, 100% used [0x00000000eab00000,0x00000000ede00000,0x00000000ede00000)
  from space 7680K, 99% used [0x00000000ede00000,0x00000000ee57fa50,0x00000000ee580000)
  to   space 11776K, 0% used [0x00000000f1c80000,0x00000000f1c80000,0x00000000f2800000)
 ParOldGen       total 35840K, used 16887K [0x00000000c0000000, 0x00000000c2300000, 0x00000000eab00000)
  object space 35840K, 47% used [0x00000000c0000000,0x00000000c107dfd0,0x00000000c2300000)
 Metaspace       used 6088K, capacity 7000K, committed 7168K, reserved 1056768K
  class space    used 614K, capacity 656K, committed 768K, reserved 1048576K
Event: 17.335 GC heap after
Heap after GC invocations=8 (full 0):
 PSYoungGen      total 113152K, used 11761K [0x00000000eab00000, 0x00000000f2e00000, 0x0000000100000000)
  eden space 101376K, 0% used [0x00000000eab00000,0x00000000eab00000,0x00000000f0e00000)
  from space 11776K, 99% used [0x00000000f1c80000,0x00000000f27fc628,0x00000000f2800000)
  to   space 14848K, 0% used [0x00000000f0e00000,0x00000000f0e00000,0x00000000f1c80000)
 ParOldGen       total 35840K, used 19841K [0x00000000c0000000, 0x00000000c2300000, 0x00000000eab00000)
  object space 35840K, 55% used [0x00000000c0000000,0x00000000c13607c8,0x00000000c2300000)
 Metaspace       used 6088K, capacity 7000K, committed 7168K, reserved 1056768K
  class space    used 614K, capacity 656K, committed 768K, reserved 1048576K
}
Event: 23.196 GC heap before
{Heap before GC invocations=9 (full 0):
 PSYoungGen      total 113152K, used 113137K [0x00000000eab00000, 0x00000000f2e00000, 0x0000000100000000)
  eden space 101376K, 100% used [0x00000000eab00000,0x00000000f0e00000,0x00000000f0e00000)
  from space 11776K, 99% used [0x00000000f1c80000,0x00000000f27fc628,0x00000000f2800000)
  to   space 14848K, 0% used [0x00000000f0e00000,0x00000000f0e00000,0x00000000f1c80000)
 ParOldGen       total 35840K, used 19841K [0x00000000c0000000, 0x00000000c2300000, 0x00000000eab00000)
  object space 35840K, 55% used [0x00000000c0000000,0x00000000c13607c8,0x00000000c2300000)
 Metaspace       used 6296K, capacity 7128K, committed 7424K, reserved 1056768K
  class space    used 615K, capacity 656K, committed 768K, reserved 1048576K

